hostkeys_find_by_key_hostfile: hostkeys_foreach failed for /etc/ssh/ssh_known_hosts: Permission denied
Host key verification failed.
hostkeys_find_by_key_hostfile: hostkeys_foreach failed for /etc/ssh/ssh_known_hosts: Permission denied
Host key verification failed.
hostkeys_find_by_key_hostfile: hostkeys_foreach failed for /etc/ssh/ssh_known_hosts: Permission denied
Host key verification failed.
hostkeys_find_by_key_hostfile: hostkeys_foreach failed for /etc/ssh/ssh_known_hosts: Permission denied
Host key verification failed.
hostkeys_find_by_key_hostfile: hostkeys_foreach failed for /etc/ssh/ssh_known_hosts: Permission denied
Host key verification failed.
hostkeys_find_by_key_hostfile: hostkeys_foreach failed for /etc/ssh/ssh_known_hosts: Permission denied
Host key verification failed.
hostkeys_find_by_key_hostfile: hostkeys_foreach failed for /etc/ssh/ssh_known_hosts: Permission denied
Host key verification failed.
hostkeys_find_by_key_hostfile: hostkeys_foreach failed for /etc/ssh/ssh_known_hosts: Permission denied
Host key verification failed.
hostkeys_find_by_key_hostfile: hostkeys_foreach failed for /etc/ssh/ssh_known_hosts: Permission denied
Host key verification failed.
hostkeys_find_by_key_hostfile: hostkeys_foreach failed for /etc/ssh/ssh_known_hosts: Permission denied
Host key verification failed.
ERROR: TaskFailedException

    nested task error: Unable to read host:port string from worker. Launch command exited with error?
    Stacktrace:
     [1] worker_from_id(pg::Distributed.ProcessGroup, i::Int64)
       @ Distributed /arc/home/alexbou/bin/julia-1.11.4/share/julia/stdlib/v1.11/Distributed/src/cluster.jl:1093
     [2] worker_from_id
       @ /arc/home/alexbou/bin/julia-1.11.4/share/julia/stdlib/v1.11/Distributed/src/cluster.jl:1090 [inlined]
     [3] remote_do
       @ /arc/home/alexbou/bin/julia-1.11.4/share/julia/stdlib/v1.11/Distributed/src/remotecall.jl:557 [inlined]
     [4] kill(manager::Distributed.SSHManager, pid::Int64, config::WorkerConfig)
       @ Distributed /arc/home/alexbou/bin/julia-1.11.4/share/julia/stdlib/v1.11/Distributed/src/managers.jl:736
     [5] create_worker(manager::Distributed.SSHManager, wconfig::WorkerConfig)
       @ Distributed /arc/home/alexbou/bin/julia-1.11.4/share/julia/stdlib/v1.11/Distributed/src/cluster.jl:604
     [6] setup_launched_worker(manager::Distributed.SSHManager, wconfig::WorkerConfig, launched_q::Vector{Int64})
       @ Distributed /arc/home/alexbou/bin/julia-1.11.4/share/julia/stdlib/v1.11/Distributed/src/cluster.jl:545
     [7] (::Distributed.var"#45#48"{Distributed.SSHManager, Vector{Int64}, WorkerConfig})()
       @ Distributed /arc/home/alexbou/bin/julia-1.11.4/share/julia/stdlib/v1.11/Distributed/src/cluster.jl:501
    
    caused by: Unable to read host:port string from worker. Launch command exited with error?
    Stacktrace:
     [1] read_worker_host_port(io::Base.PipeEndpoint)
       @ Distributed /arc/home/alexbou/bin/julia-1.11.4/share/julia/stdlib/v1.11/Distributed/src/cluster.jl:330
     [2] connect(manager::Distributed.SSHManager, pid::Int64, config::WorkerConfig)
       @ Distributed /arc/home/alexbou/bin/julia-1.11.4/share/julia/stdlib/v1.11/Distributed/src/managers.jl:580
     [3] create_worker(manager::Distributed.SSHManager, wconfig::WorkerConfig)
       @ Distributed /arc/home/alexbou/bin/julia-1.11.4/share/julia/stdlib/v1.11/Distributed/src/cluster.jl:600
     [4] setup_launched_worker(manager::Distributed.SSHManager, wconfig::WorkerConfig, launched_q::Vector{Int64})
       @ Distributed /arc/home/alexbou/bin/julia-1.11.4/share/julia/stdlib/v1.11/Distributed/src/cluster.jl:545
     [5] (::Distributed.var"#45#48"{Distributed.SSHManager, Vector{Int64}, WorkerConfig})()
       @ Distributed /arc/home/alexbou/bin/julia-1.11.4/share/julia/stdlib/v1.11/Distributed/src/cluster.jl:501

...and 9 more exceptions.

Stacktrace:
  [1] sync_end(c::Channel{Any})
    @ Base ./task.jl:466
  [2] macro expansion
    @ ./task.jl:499 [inlined]
  [3] addprocs_locked(manager::Distributed.SSHManager; kwargs::@Kwargs{exeflags::Cmd})
    @ Distributed /arc/home/alexbou/bin/julia-1.11.4/share/julia/stdlib/v1.11/Distributed/src/cluster.jl:490
  [4] addprocs_locked
    @ /arc/home/alexbou/bin/julia-1.11.4/share/julia/stdlib/v1.11/Distributed/src/cluster.jl:456 [inlined]
  [5] addprocs(manager::Distributed.SSHManager; kwargs::@Kwargs{exeflags::Cmd})
    @ Distributed /arc/home/alexbou/bin/julia-1.11.4/share/julia/stdlib/v1.11/Distributed/src/cluster.jl:450
  [6] addprocs
    @ /arc/home/alexbou/bin/julia-1.11.4/share/julia/stdlib/v1.11/Distributed/src/cluster.jl:443 [inlined]
  [7] #addprocs#255
    @ /arc/home/alexbou/bin/julia-1.11.4/share/julia/stdlib/v1.11/Distributed/src/managers.jl:159 [inlined]
  [8] addprocs
    @ /arc/home/alexbou/bin/julia-1.11.4/share/julia/stdlib/v1.11/Distributed/src/managers.jl:156 [inlined]
  [9] process_opts(opts::Base.JLOptions)
    @ Distributed /arc/home/alexbou/bin/julia-1.11.4/share/julia/stdlib/v1.11/Distributed/src/cluster.jl:1369
 [10] #invokelatest#2
    @ ./essentials.jl:1055 [inlined]
 [11] invokelatest
    @ ./essentials.jl:1052 [inlined]
 [12] exec_options(opts::Base.JLOptions)
    @ Base ./client.jl:273
 [13] _start()
    @ Base ./client.jl:531
